Using pre-set license
Built from '2021.3/staging' branch; Version is '2021.3.18f1 (3129e69bc0c7) revision 3221990'; Using compiler version '192829333'; Build Type 'Release'
OS: 'Windows 10  (10.0.19045) 64bit Core' Language: 'en' Physical Memory: 16163 MB
BatchMode: 1, IsHumanControllingUs: 0, StartBugReporterOnCrash: 0, Is64bit: 1, IsPro: 1

COMMAND LINE ARGUMENTS:
C:\Program Files\Unity\Hub\Editor\2021.3.18f1\Editor\Unity.exe
-adb2
-batchMode
-noUpm
-name
AssetImportWorker0
-projectPath
C:/Users/tommy/Dungeon-Defenders
-logFile
Logs/AssetImportWorker0.log
-srvPort
50142
Successfully changed project path to: C:/Users/tommy/Dungeon-Defenders
C:/Users/tommy/Dungeon-Defenders
[UnityMemory] Configuration Parameters - Can be set up in boot.config
    "memorysetup-bucket-allocator-granularity=16"
    "memorysetup-bucket-allocator-bucket-count=8"
    "memorysetup-bucket-allocator-block-size=33554432"
    "memorysetup-bucket-allocator-block-count=8"
    "memorysetup-main-allocator-block-size=16777216"
    "memorysetup-thread-allocator-block-size=16777216"
    "memorysetup-gfx-main-allocator-block-size=16777216"
    "memorysetup-gfx-thread-allocator-block-size=16777216"
    "memorysetup-cache-allocator-block-size=4194304"
    "memorysetup-typetree-allocator-block-size=2097152"
    "memorysetup-profiler-bucket-allocator-granularity=16"
    "memorysetup-profiler-bucket-allocator-bucket-count=8"
    "memorysetup-profiler-bucket-allocator-block-size=33554432"
    "memorysetup-profiler-bucket-allocator-block-count=8"
    "memorysetup-profiler-allocator-block-size=16777216"
    "memorysetup-profiler-editor-allocator-block-size=1048576"
    "memorysetup-temp-allocator-size-main=16777216"
    "memorysetup-job-temp-allocator-block-size=2097152"
    "memorysetup-job-temp-allocator-block-size-background=1048576"
    "memorysetup-job-temp-allocator-reduction-small-platforms=262144"
    "memorysetup-temp-allocator-size-background-worker=32768"
    "memorysetup-temp-allocator-size-job-worker=262144"
    "memorysetup-temp-allocator-size-preload-manager=33554432"
    "memorysetup-temp-allocator-size-nav-mesh-worker=65536"
    "memorysetup-temp-allocator-size-audio-worker=65536"
    "memorysetup-temp-allocator-size-cloud-worker=32768"
    "memorysetup-temp-allocator-size-gi-baking-worker=262144"
    "memorysetup-temp-allocator-size-gfx=262144"
Player connection [11832] Host "[IP] 10.162.7.63 [Port] 0 [Flags] 2 [Guid] 55518893 [EditorId] 55518893 [Version] 1048832 [Id] WindowsEditor(7,DESKTOP-GII603T) [Debug] 1 [PackageName] WindowsEditor [ProjectName] Editor" joined multi-casting on [225.0.0.222:54997]...

Player connection [11832] Host "[IP] 10.162.7.63 [Port] 0 [Flags] 2 [Guid] 55518893 [EditorId] 55518893 [Version] 1048832 [Id] WindowsEditor(7,DESKTOP-GII603T) [Debug] 1 [PackageName] WindowsEditor [ProjectName] Editor" joined alternative multi-casting on [225.0.0.222:34997]...

Refreshing native plugins compatible for Editor in 115.47 ms, found 4 plugins.
Preloading 0 native plugins for Editor in 0.00 ms.
Initialize engine version: 2021.3.18f1 (3129e69bc0c7)
[Subsystems] Discovering subsystems at path C:/Program Files/Unity/Hub/Editor/2021.3.18f1/Editor/Data/Resources/UnitySubsystems
[Subsystems] Discovering subsystems at path C:/Users/tommy/Dungeon-Defenders/Assets
GfxDevice: creating device client; threaded=0; jobified=0
Direct3D:
    Version:  Direct3D 11.0 [level 11.1]
    Renderer: Intel(R) UHD Graphics (ID=0x9a60)
    Vendor:   Intel
    VRAM:     8081 MB
    Driver:   30.0.101.2079
Initialize mono
Mono path[0] = 'C:/Program Files/Unity/Hub/Editor/2021.3.18f1/Editor/Data/Managed'
Mono path[1] = 'C:/Program Files/Unity/Hub/Editor/2021.3.18f1/Editor/Data/MonoBleedingEdge/lib/mono/unityjit-win32'
Mono config path = 'C:/Program Files/Unity/Hub/Editor/2021.3.18f1/Editor/Data/MonoBleedingEdge/etc'
Using monoOptions --debugger-agent=transport=dt_socket,embedding=1,server=y,suspend=n,address=127.0.0.1:56824
Begin MonoManager ReloadAssembly
Registering precompiled unity dll's ...
Register platform support module: C:/Program Files/Unity/Hub/Editor/2021.3.18f1/Editor/Data/PlaybackEngines/WebGLSupport/UnityEditor.WebGL.Extensions.dll
Register platform support module: C:/Program Files/Unity/Hub/Editor/2021.3.18f1/Editor/Data/PlaybackEngines/WindowsStandaloneSupport/UnityEditor.WindowsStandalone.Extensions.dll
Registered in 0.006872 seconds.
Native extension for WindowsStandalone target not found
Native extension for WebGL target not found
Refreshing native plugins compatible for Editor in 99.75 ms, found 4 plugins.
Preloading 0 native plugins for Editor in 0.00 ms.
Mono: successfully reloaded assembly
- Completed reload, in  0.760 seconds
Domain Reload Profiling:
	ReloadAssembly (761ms)
		BeginReloadAssembly (84ms)
			ExecutionOrderSort (0ms)
			DisableScriptedObjects (0ms)
			BackupInstance (0ms)
			ReleaseScriptingObjects (0ms)
			CreateAndSetChildDomain (1ms)
		EndReloadAssembly (542ms)
			LoadAssemblies (81ms)
			RebuildTransferFunctionScriptingTraits (0ms)
			SetupTypeCache (115ms)
			ReleaseScriptCaches (0ms)
			RebuildScriptCaches (45ms)
			SetupLoadedEditorAssemblies (318ms)
				LogAssemblyErrors (0ms)
				InitializePlatformSupportModulesInManaged (12ms)
				SetLoadedEditorAssemblies (0ms)
				RefreshPlugins (100ms)
				BeforeProcessingInitializeOnLoad (1ms)
				ProcessInitializeOnLoadAttributes (151ms)
				ProcessInitializeOnLoadMethodAttributes (53ms)
				AfterProcessingInitializeOnLoad (0ms)
				EditorAssembliesLoaded (0ms)
			ExecutionOrderSort2 (0ms)
			AwakeInstancesAfterBackupRestoration (0ms)
Platform modules already initialized, skipping
Registering precompiled user dll's ...
Registered in 0.007479 seconds.
Begin MonoManager ReloadAssembly
Symbol file LoadedFromMemory doesn't match image C:\Users\tommy\Dungeon-Defenders\Library\PackageCache\com.unity.visualscripting@1.8.0\Editor\VisualScripting.Core\Dependencies\YamlDotNet\Unity.VisualScripting.YamlDotNet.dll
Symbol file LoadedFromMemory doesn't match image C:\Users\tommy\Dungeon-Defenders\Library\PackageCache\com.unity.visualscripting@1.8.0\Editor\VisualScripting.Core\Dependencies\DotNetZip\Unity.VisualScripting.IonicZip.dll
Native extension for WindowsStandalone target not found
Native extension for WebGL target not found
Refreshing native plugins compatible for Editor in 98.85 ms, found 4 plugins.
Preloading 0 native plugins for Editor in 0.00 ms.
Mono: successfully reloaded assembly
- Completed reload, in  1.261 seconds
Domain Reload Profiling:
	ReloadAssembly (1262ms)
		BeginReloadAssembly (158ms)
			ExecutionOrderSort (0ms)
			DisableScriptedObjects (5ms)
			BackupInstance (0ms)
			ReleaseScriptingObjects (0ms)
			CreateAndSetChildDomain (24ms)
		EndReloadAssembly (967ms)
			LoadAssemblies (113ms)
			RebuildTransferFunctionScriptingTraits (0ms)
			SetupTypeCache (225ms)
			ReleaseScriptCaches (1ms)
			RebuildScriptCaches (78ms)
			SetupLoadedEditorAssemblies (531ms)
				LogAssemblyErrors (0ms)
				InitializePlatformSupportModulesInManaged (6ms)
				SetLoadedEditorAssemblies (0ms)
				RefreshPlugins (99ms)
				BeforeProcessingInitializeOnLoad (110ms)
				ProcessInitializeOnLoadAttributes (261ms)
				ProcessInitializeOnLoadMethodAttributes (45ms)
				AfterProcessingInitializeOnLoad (10ms)
				EditorAssembliesLoaded (0ms)
			ExecutionOrderSort2 (0ms)
			AwakeInstancesAfterBackupRestoration (6ms)
Platform modules already initialized, skipping
========================================================================
Worker process is ready to serve import requests
Launched and connected shader compiler UnityShaderCompiler.exe after 0.08 seconds
Refreshing native plugins compatible for Editor in 0.68 ms, found 4 plugins.
Preloading 0 native plugins for Editor in 0.00 ms.
Unloading 3798 Unused Serialized files (Serialized files now loaded: 0)
Unloading 41 unused Assets / (229.0 KB). Loaded Objects now: 4254.
Memory consumption went from 146.8 MB to 146.5 MB.
Total: 5.404900 ms (FindLiveObjects: 0.341900 ms CreateObjectMapping: 0.215700 ms MarkObjects: 4.657800 ms  DeleteObjects: 0.188400 ms)

AssetImportParameters requested are different than current active one (requested -> active):
  custom:video-decoder-ogg-theora: a1e56fd34408186e4bbccfd4996cb3dc -> 
  custom:container-muxer-webm: aa71ff27fc2769a1b78a27578f13a17b -> 
  custom:container-demuxer-webm: 4f35f7cbe854078d1ac9338744f61a02 -> 
  custom:video-encoder-webm-vp8: eb34c28f22e8b96e1ab97ce403110664 -> 
  custom:audio-encoder-webm-vorbis: bf7c407c2cedff20999df2af8eb42d56 -> 
  custom:framework-win-MediaFoundation: 216162199b28c13a410421893ffa2e32 -> 
  custom:container-demuxer-ogg: 62fdf1f143b41e24485cea50d1cbac27 -> 
  custom:video-decoder-webm-vp8: 9c59270c3fd7afecdb556c50c9e8de78 -> 
  custom:audio-decoder-ogg-vorbis: bf7c407c2cedff20999df2af8eb42d56 -> 
========================================================================
Received Import Request.
  Time since last request: 494.970235 seconds.
  path: Assets/Sprites/Quevo.png
  artifactKey: Guid(0a03a581f30e77e4197fcd93f22d4082) Importer(815301076,1909f56bfc062723c751e8b465ee728b)
Start importing Assets/Sprites/Quevo.png using Guid(0a03a581f30e77e4197fcd93f22d4082) Importer(815301076,1909f56bfc062723c751e8b465ee728b)  -> (artifact id: 'a5aa1c09ac7711fa080fd5b75031ae47') in 0.256992 seconds 
========================================================================
Received Import Request.
  Time since last request: 68.375062 seconds.
  path: Assets/Prefabs/Rabbit Enemy 1.prefab
  artifactKey: Guid(d63f2e1088fa7d74aad927d217d8b2d4) Importer(815301076,1909f56bfc062723c751e8b465ee728b)
Start importing Assets/Prefabs/Rabbit Enemy 1.prefab using Guid(d63f2e1088fa7d74aad927d217d8b2d4) Importer(815301076,1909f56bfc062723c751e8b465ee728b)  -> (artifact id: 'b6dc667d979c38eea0f5301c15b5d8b5') in 0.063557 seconds 
========================================================================
Received Import Request.
  Time since last request: 15.923454 seconds.
  path: Assets/Prefabs/Rabbit Enemy 1.prefab
  artifactKey: Guid(d63f2e1088fa7d74aad927d217d8b2d4) Importer(815301076,1909f56bfc062723c751e8b465ee728b)
Start importing Assets/Prefabs/Rabbit Enemy 1.prefab using Guid(d63f2e1088fa7d74aad927d217d8b2d4) Importer(815301076,1909f56bfc062723c751e8b465ee728b)  -> (artifact id: 'fd8b278598e4cf7346fc01de42a6c605') in 0.020814 seconds 
========================================================================
Received Import Request.
  Time since last request: 10.116696 seconds.
  path: Assets/Prefabs/Quevo.prefab
  artifactKey: Guid(d63f2e1088fa7d74aad927d217d8b2d4) Importer(815301076,1909f56bfc062723c751e8b465ee728b)
Start importing Assets/Prefabs/Quevo.prefab using Guid(d63f2e1088fa7d74aad927d217d8b2d4) Importer(815301076,1909f56bfc062723c751e8b465ee728b)  -> (artifact id: '3b4e4dc808eeef128e2347c69f4294d8') in 0.021884 seconds 
========================================================================
Received Import Request.
  Time since last request: 20.972976 seconds.
  path: Assets/Prefabs/Quevo.prefab
  artifactKey: Guid(d63f2e1088fa7d74aad927d217d8b2d4) Importer(815301076,1909f56bfc062723c751e8b465ee728b)
Start importing Assets/Prefabs/Quevo.prefab using Guid(d63f2e1088fa7d74aad927d217d8b2d4) Importer(815301076,1909f56bfc062723c751e8b465ee728b)  -> (artifact id: 'e8711b143e258638faf9a66b4cc966c5') in 0.011274 seconds 
========================================================================
Received Import Request.
  Time since last request: 4.829999 seconds.
  path: Assets/Prefabs/Quevo.prefab
  artifactKey: Guid(d63f2e1088fa7d74aad927d217d8b2d4) Importer(815301076,1909f56bfc062723c751e8b465ee728b)
Start importing Assets/Prefabs/Quevo.prefab using Guid(d63f2e1088fa7d74aad927d217d8b2d4) Importer(815301076,1909f56bfc062723c751e8b465ee728b)  -> (artifact id: '14273908fe651c3bc17f55d57795a3c8') in 0.015508 seconds 
========================================================================
Received Import Request.
  Time since last request: 385.923215 seconds.
  path: Assets/Prefabs/Quevo.prefab
  artifactKey: Guid(d63f2e1088fa7d74aad927d217d8b2d4) Importer(815301076,1909f56bfc062723c751e8b465ee728b)
Start importing Assets/Prefabs/Quevo.prefab using Guid(d63f2e1088fa7d74aad927d217d8b2d4) Importer(815301076,1909f56bfc062723c751e8b465ee728b)  -> (artifact id: '78677fa77d1d7da4eba0c9c0a175d434') in 0.019494 seconds 
========================================================================
Received Import Request.
  Time since last request: 4.039350 seconds.
  path: Assets/Prefabs/Quevo.prefab
  artifactKey: Guid(d63f2e1088fa7d74aad927d217d8b2d4) Importer(815301076,1909f56bfc062723c751e8b465ee728b)
Start importing Assets/Prefabs/Quevo.prefab using Guid(d63f2e1088fa7d74aad927d217d8b2d4) Importer(815301076,1909f56bfc062723c751e8b465ee728b)  -> (artifact id: '53cfb6ed77944e670f2fe8581fa630d4') in 0.017137 seconds 
========================================================================
Received Import Request.
  Time since last request: 1259.742061 seconds.
  path: Assets/Sprites/Snake_pot_finalV-1.png.png
  artifactKey: Guid(e05f821d9ef00f544a2413606180e1c1) Importer(815301076,1909f56bfc062723c751e8b465ee728b)
Start importing Assets/Sprites/Snake_pot_finalV-1.png.png using Guid(e05f821d9ef00f544a2413606180e1c1) Importer(815301076,1909f56bfc062723c751e8b465ee728b)  -> (artifact id: 'd9151607e900efee9d135b235ab8c01b') in 0.030080 seconds 
========================================================================
Received Import Request.
  Time since last request: 1.852781 seconds.
  path: Assets/Sprites/snakeprojectile.png
  artifactKey: Guid(bc42cd307b7c24a4a847da61817c535a) Importer(815301076,1909f56bfc062723c751e8b465ee728b)
Start importing Assets/Sprites/snakeprojectile.png using Guid(bc42cd307b7c24a4a847da61817c535a) Importer(815301076,1909f56bfc062723c751e8b465ee728b)  -> (artifact id: '296bc2b2c0d842b8e199416d369a27d9') in 0.028823 seconds 
========================================================================
Received Prepare
Registering precompiled user dll's ...
Registered in 0.008074 seconds.
Begin MonoManager ReloadAssembly
Symbol file LoadedFromMemory doesn't match image C:\Users\tommy\Dungeon-Defenders\Library\PackageCache\com.unity.visualscripting@1.8.0\Editor\VisualScripting.Core\Dependencies\YamlDotNet\Unity.VisualScripting.YamlDotNet.dll
Symbol file LoadedFromMemory doesn't match image C:\Users\tommy\Dungeon-Defenders\Library\PackageCache\com.unity.visualscripting@1.8.0\Editor\VisualScripting.Core\Dependencies\DotNetZip\Unity.VisualScripting.IonicZip.dll
Native extension for WindowsStandalone target not found
Native extension for WebGL target not found
Refreshing native plugins compatible for Editor in 0.72 ms, found 4 plugins.
Preloading 0 native plugins for Editor in 0.00 ms.
Mono: successfully reloaded assembly
- Completed reload, in  1.045 seconds
Domain Reload Profiling:
	ReloadAssembly (1045ms)
		BeginReloadAssembly (164ms)
			ExecutionOrderSort (0ms)
			DisableScriptedObjects (7ms)
			BackupInstance (0ms)
			ReleaseScriptingObjects (0ms)
			CreateAndSetChildDomain (55ms)
		EndReloadAssembly (772ms)
			LoadAssemblies (91ms)
			RebuildTransferFunctionScriptingTraits (0ms)
			SetupTypeCache (223ms)
			ReleaseScriptCaches (2ms)
			RebuildScriptCaches (53ms)
			SetupLoadedEditorAssemblies (363ms)
				LogAssemblyErrors (0ms)
				InitializePlatformSupportModulesInManaged (15ms)
				SetLoadedEditorAssemblies (0ms)
				RefreshPlugins (1ms)
				BeforeProcessingInitializeOnLoad (93ms)
				ProcessInitializeOnLoadAttributes (216ms)
				ProcessInitializeOnLoadMethodAttributes (31ms)
				AfterProcessingInitializeOnLoad (8ms)
				EditorAssembliesLoaded (0ms)
			ExecutionOrderSort2 (0ms)
			AwakeInstancesAfterBackupRestoration (8ms)
Platform modules already initialized, skipping
Refreshing native plugins compatible for Editor in 2.59 ms, found 4 plugins.
Preloading 0 native plugins for Editor in 0.00 ms.
Unloading 3782 Unused Serialized files (Serialized files now loaded: 0)
Unloading 28 unused Assets / (195.8 KB). Loaded Objects now: 4275.
Memory consumption went from 149.4 MB to 149.2 MB.
Total: 3.346800 ms (FindLiveObjects: 0.278000 ms CreateObjectMapping: 0.103700 ms MarkObjects: 2.828600 ms  DeleteObjects: 0.135800 ms)

AssetImportParameters requested are different than current active one (requested -> active):
  custom:video-decoder-ogg-theora: a1e56fd34408186e4bbccfd4996cb3dc -> 
  custom:container-muxer-webm: aa71ff27fc2769a1b78a27578f13a17b -> 
  custom:container-demuxer-webm: 4f35f7cbe854078d1ac9338744f61a02 -> 
  custom:video-encoder-webm-vp8: eb34c28f22e8b96e1ab97ce403110664 -> 
  custom:audio-encoder-webm-vorbis: bf7c407c2cedff20999df2af8eb42d56 -> 
  custom:framework-win-MediaFoundation: 216162199b28c13a410421893ffa2e32 -> 
  custom:container-demuxer-ogg: 62fdf1f143b41e24485cea50d1cbac27 -> 
  custom:video-decoder-webm-vp8: 9c59270c3fd7afecdb556c50c9e8de78 -> 
  custom:audio-decoder-ogg-vorbis: bf7c407c2cedff20999df2af8eb42d56 -> 
========================================================================
Received Import Request.
  Time since last request: 143.482867 seconds.
  path: Assets/Prefabs/Create_Snake_Pot.prefab
  artifactKey: Guid(729d68e60945286498b0f0b8adaf15e4) Importer(815301076,1909f56bfc062723c751e8b465ee728b)
Start importing Assets/Prefabs/Create_Snake_Pot.prefab using Guid(729d68e60945286498b0f0b8adaf15e4) Importer(815301076,1909f56bfc062723c751e8b465ee728b)  -> (artifact id: '8f8fb71a34ce526732f9a2f1005a7d87') in 0.043706 seconds 
========================================================================
Received Import Request.
  Time since last request: 0.000030 seconds.
  path: Assets/Prefabs/Snake_Pot_Mouseover.prefab
  artifactKey: Guid(ddb505ce74602b04cba2a21cdc3ddcba) Importer(815301076,1909f56bfc062723c751e8b465ee728b)
Start importing Assets/Prefabs/Snake_Pot_Mouseover.prefab using Guid(ddb505ce74602b04cba2a21cdc3ddcba) Importer(815301076,1909f56bfc062723c751e8b465ee728b)  -> (artifact id: '9e1b55548554a07427810971812b2c0a') in 0.009229 seconds 
========================================================================
Received Import Request.
  Time since last request: 0.000019 seconds.
  path: Assets/Prefabs/SuicideSnake.prefab
  artifactKey: Guid(3a22d002e4c324c479fc91c17babcb58) Importer(815301076,1909f56bfc062723c751e8b465ee728b)
Start importing Assets/Prefabs/SuicideSnake.prefab using Guid(3a22d002e4c324c479fc91c17babcb58) Importer(815301076,1909f56bfc062723c751e8b465ee728b)  -> (artifact id: '379d7a2ae1403c1eba900da201e896d1') in 0.018248 seconds 
========================================================================
Received Import Request.
  Time since last request: 0.000030 seconds.
  path: Assets/Prefabs/SnakeTowerShoot.prefab
  artifactKey: Guid(cd26300bcb764ac4d9ad104883f6c0be) Importer(815301076,1909f56bfc062723c751e8b465ee728b)
Start importing Assets/Prefabs/SnakeTowerShoot.prefab using Guid(cd26300bcb764ac4d9ad104883f6c0be) Importer(815301076,1909f56bfc062723c751e8b465ee728b)  -> (artifact id: 'ce1c8c5da705ef7c595af662a763809f') in 0.012375 seconds 
========================================================================
Received Import Request.
  Time since last request: 74.662261 seconds.
  path: Assets/Prefabs/Snake_Button.prefab
  artifactKey: Guid(634fcfcab781e464bbacdfb17c7b13fc) Importer(815301076,1909f56bfc062723c751e8b465ee728b)
Start importing Assets/Prefabs/Snake_Button.prefab using Guid(634fcfcab781e464bbacdfb17c7b13fc) Importer(815301076,1909f56bfc062723c751e8b465ee728b)  -> (artifact id: '782f2c6d05f815ba6114d0d3e0344432') in 0.011698 seconds 
========================================================================
Received Import Request.
  Time since last request: 76.060348 seconds.
  path: Assets/Prefabs/Create_Snake_Pot.prefab
  artifactKey: Guid(729d68e60945286498b0f0b8adaf15e4) Importer(815301076,1909f56bfc062723c751e8b465ee728b)
Start importing Assets/Prefabs/Create_Snake_Pot.prefab using Guid(729d68e60945286498b0f0b8adaf15e4) Importer(815301076,1909f56bfc062723c751e8b465ee728b)  -> (artifact id: '88de62a077d62fe74c7d724e0005eb0e') in 0.005146 seconds 
========================================================================
Received Import Request.
  Time since last request: 8.429293 seconds.
  path: Assets/Prefabs/Snake_Button.prefab
  artifactKey: Guid(634fcfcab781e464bbacdfb17c7b13fc) Importer(815301076,1909f56bfc062723c751e8b465ee728b)
Start importing Assets/Prefabs/Snake_Button.prefab using Guid(634fcfcab781e464bbacdfb17c7b13fc) Importer(815301076,1909f56bfc062723c751e8b465ee728b)  -> (artifact id: 'b023ddde186bc9424b2070d2f52d06a2') in 0.006267 seconds 
========================================================================
Received Import Request.
  Time since last request: 3.777550 seconds.
  path: Assets/Prefabs/Snake_Button.prefab
  artifactKey: Guid(634fcfcab781e464bbacdfb17c7b13fc) Importer(815301076,1909f56bfc062723c751e8b465ee728b)
Start importing Assets/Prefabs/Snake_Button.prefab using Guid(634fcfcab781e464bbacdfb17c7b13fc) Importer(815301076,1909f56bfc062723c751e8b465ee728b)  -> (artifact id: '8e9836c3b5b520425826890c60927cfd') in 0.009164 seconds 
========================================================================
Received Import Request.
  Time since last request: 15.145863 seconds.
  path: Assets/Prefabs/Snake_Pot_Mouseover.prefab
  artifactKey: Guid(ddb505ce74602b04cba2a21cdc3ddcba) Importer(815301076,1909f56bfc062723c751e8b465ee728b)
Start importing Assets/Prefabs/Snake_Pot_Mouseover.prefab using Guid(ddb505ce74602b04cba2a21cdc3ddcba) Importer(815301076,1909f56bfc062723c751e8b465ee728b)  -> (artifact id: '88c018372472e68f42b021e2c156f254') in 0.053564 seconds 
========================================================================
Received Import Request.
  Time since last request: 34.878298 seconds.
  path: Assets/Scripts/SnakeSpawner.cs
  artifactKey: Guid(d862dc50aac2c8441a12470714c7fcb9) Importer(815301076,1909f56bfc062723c751e8b465ee728b)
Start importing Assets/Scripts/SnakeSpawner.cs using Guid(d862dc50aac2c8441a12470714c7fcb9) Importer(815301076,1909f56bfc062723c751e8b465ee728b)  -> (artifact id: '8b97a02e25ef55d51edd2bb720a05a76') in 0.017677 seconds 
========================================================================
Received Import Request.
  Time since last request: 18.896297 seconds.
  path: Assets/Prefabs/SnakeTowerShoot.prefab
  artifactKey: Guid(cd26300bcb764ac4d9ad104883f6c0be) Importer(815301076,1909f56bfc062723c751e8b465ee728b)
Start importing Assets/Prefabs/SnakeTowerShoot.prefab using Guid(cd26300bcb764ac4d9ad104883f6c0be) Importer(815301076,1909f56bfc062723c751e8b465ee728b)  -> (artifact id: 'f284536d49f304df63420c5adf78865e') in 0.005286 seconds 
========================================================================
Received Import Request.
  Time since last request: 7.364979 seconds.
  path: Assets/Prefabs/SnakeTowerShoot.prefab
  artifactKey: Guid(cd26300bcb764ac4d9ad104883f6c0be) Importer(815301076,1909f56bfc062723c751e8b465ee728b)
Start importing Assets/Prefabs/SnakeTowerShoot.prefab using Guid(cd26300bcb764ac4d9ad104883f6c0be) Importer(815301076,1909f56bfc062723c751e8b465ee728b)  -> (artifact id: '0c5ea6dc115fe661bbd1c3f4f546f68f') in 0.004679 seconds 
========================================================================
Received Import Request.
  Time since last request: 14.011935 seconds.
  path: Assets/Prefabs/SuicideSnake.prefab
  artifactKey: Guid(3a22d002e4c324c479fc91c17babcb58) Importer(815301076,1909f56bfc062723c751e8b465ee728b)
Start importing Assets/Prefabs/SuicideSnake.prefab using Guid(3a22d002e4c324c479fc91c17babcb58) Importer(815301076,1909f56bfc062723c751e8b465ee728b)  -> (artifact id: '4f994fcccc1e5ff6dfd50ee63f41aa49') in 0.005969 seconds 
========================================================================
Received Import Request.
  Time since last request: 5.330172 seconds.
  path: Assets/Prefabs/SuicideSnake.prefab
  artifactKey: Guid(3a22d002e4c324c479fc91c17babcb58) Importer(815301076,1909f56bfc062723c751e8b465ee728b)
Start importing Assets/Prefabs/SuicideSnake.prefab using Guid(3a22d002e4c324c479fc91c17babcb58) Importer(815301076,1909f56bfc062723c751e8b465ee728b)  -> (artifact id: '5e814c94583ae284923bf267dbe8285d') in 0.008309 seconds 
========================================================================
Received Import Request.
  Time since last request: 17.528753 seconds.
  path: Assets/Prefabs/SnakeTowerShoot.prefab
  artifactKey: Guid(cd26300bcb764ac4d9ad104883f6c0be) Importer(815301076,1909f56bfc062723c751e8b465ee728b)
Start importing Assets/Prefabs/SnakeTowerShoot.prefab using Guid(cd26300bcb764ac4d9ad104883f6c0be) Importer(815301076,1909f56bfc062723c751e8b465ee728b)  -> (artifact id: '44569c946181eaebea7bbf2f2f00fc61') in 0.017811 seconds 
========================================================================
Received Import Request.
  Time since last request: 10.806141 seconds.
  path: Assets/Prefabs/SuicideSnake.prefab
  artifactKey: Guid(3a22d002e4c324c479fc91c17babcb58) Importer(815301076,1909f56bfc062723c751e8b465ee728b)
Start importing Assets/Prefabs/SuicideSnake.prefab using Guid(3a22d002e4c324c479fc91c17babcb58) Importer(815301076,1909f56bfc062723c751e8b465ee728b)  -> (artifact id: 'cbde775dae00d23bf6ee13b1ab55d84a') in 0.024119 seconds 
========================================================================
Received Import Request.
  Time since last request: 9.957939 seconds.
  path: Assets/Prefabs/SnakeTowerShoot.prefab
  artifactKey: Guid(cd26300bcb764ac4d9ad104883f6c0be) Importer(815301076,1909f56bfc062723c751e8b465ee728b)
Start importing Assets/Prefabs/SnakeTowerShoot.prefab using Guid(cd26300bcb764ac4d9ad104883f6c0be) Importer(815301076,1909f56bfc062723c751e8b465ee728b)  -> (artifact id: '640142f195e46e1866c0265619b55887') in 0.020259 seconds 
========================================================================
Received Prepare
Registering precompiled user dll's ...
Registered in 0.006009 seconds.
Begin MonoManager ReloadAssembly
Symbol file LoadedFromMemory doesn't match image C:\Users\tommy\Dungeon-Defenders\Library\PackageCache\com.unity.visualscripting@1.8.0\Editor\VisualScripting.Core\Dependencies\YamlDotNet\Unity.VisualScripting.YamlDotNet.dll
Symbol file LoadedFromMemory doesn't match image C:\Users\tommy\Dungeon-Defenders\Library\PackageCache\com.unity.visualscripting@1.8.0\Editor\VisualScripting.Core\Dependencies\DotNetZip\Unity.VisualScripting.IonicZip.dll
Native extension for WindowsStandalone target not found
Native extension for WebGL target not found
Refreshing native plugins compatible for Editor in 0.80 ms, found 4 plugins.
Preloading 0 native plugins for Editor in 0.00 ms.
Mono: successfully reloaded assembly
- Completed reload, in  1.209 seconds
Domain Reload Profiling:
	ReloadAssembly (1210ms)
		BeginReloadAssembly (156ms)
			ExecutionOrderSort (0ms)
			DisableScriptedObjects (6ms)
			BackupInstance (0ms)
			ReleaseScriptingObjects (0ms)
			CreateAndSetChildDomain (46ms)
		EndReloadAssembly (949ms)
			LoadAssemblies (107ms)
			RebuildTransferFunctionScriptingTraits (0ms)
			SetupTypeCache (291ms)
			ReleaseScriptCaches (2ms)
			RebuildScriptCaches (84ms)
			SetupLoadedEditorAssemblies (405ms)
				LogAssemblyErrors (0ms)
				InitializePlatformSupportModulesInManaged (24ms)
				SetLoadedEditorAssemblies (1ms)
				RefreshPlugins (1ms)
				BeforeProcessingInitializeOnLoad (108ms)
				ProcessInitializeOnLoadAttributes (232ms)
				ProcessInitializeOnLoadMethodAttributes (32ms)
				AfterProcessingInitializeOnLoad (7ms)
				EditorAssembliesLoaded (0ms)
			ExecutionOrderSort2 (0ms)
			AwakeInstancesAfterBackupRestoration (8ms)
Platform modules already initialized, skipping
Refreshing native plugins compatible for Editor in 4.64 ms, found 4 plugins.
Preloading 0 native plugins for Editor in 0.00 ms.
Unloading 3782 Unused Serialized files (Serialized files now loaded: 0)
Unloading 28 unused Assets / (195.7 KB). Loaded Objects now: 4278.
Memory consumption went from 149.4 MB to 149.2 MB.
Total: 4.574100 ms (FindLiveObjects: 0.321300 ms CreateObjectMapping: 0.242500 ms MarkObjects: 3.851600 ms  DeleteObjects: 0.157700 ms)

AssetImportParameters requested are different than current active one (requested -> active):
  custom:video-decoder-ogg-theora: a1e56fd34408186e4bbccfd4996cb3dc -> 
  custom:container-muxer-webm: aa71ff27fc2769a1b78a27578f13a17b -> 
  custom:container-demuxer-webm: 4f35f7cbe854078d1ac9338744f61a02 -> 
  custom:video-encoder-webm-vp8: eb34c28f22e8b96e1ab97ce403110664 -> 
  custom:audio-encoder-webm-vorbis: bf7c407c2cedff20999df2af8eb42d56 -> 
  custom:framework-win-MediaFoundation: 216162199b28c13a410421893ffa2e32 -> 
  custom:container-demuxer-ogg: 62fdf1f143b41e24485cea50d1cbac27 -> 
  custom:video-decoder-webm-vp8: 9c59270c3fd7afecdb556c50c9e8de78 -> 
  custom:audio-decoder-ogg-vorbis: bf7c407c2cedff20999df2af8eb42d56 -> 
========================================================================
Received Import Request.
  Time since last request: 344.240123 seconds.
  path: Assets/Prefabs/Snake_Pot_Mouseover.prefab
  artifactKey: Guid(ddb505ce74602b04cba2a21cdc3ddcba) Importer(815301076,1909f56bfc062723c751e8b465ee728b)
Start importing Assets/Prefabs/Snake_Pot_Mouseover.prefab using Guid(ddb505ce74602b04cba2a21cdc3ddcba) Importer(815301076,1909f56bfc062723c751e8b465ee728b)  -> (artifact id: 'c18bae9ab12b20f936340a1ccf2f3c3b') in 0.073589 seconds 
========================================================================
Received Prepare
Registering precompiled user dll's ...
Registered in 0.007825 seconds.
Begin MonoManager ReloadAssembly
Symbol file LoadedFromMemory doesn't match image C:\Users\tommy\Dungeon-Defenders\Library\PackageCache\com.unity.visualscripting@1.8.0\Editor\VisualScripting.Core\Dependencies\YamlDotNet\Unity.VisualScripting.YamlDotNet.dll
Symbol file LoadedFromMemory doesn't match image C:\Users\tommy\Dungeon-Defenders\Library\PackageCache\com.unity.visualscripting@1.8.0\Editor\VisualScripting.Core\Dependencies\DotNetZip\Unity.VisualScripting.IonicZip.dll
Native extension for WindowsStandalone target not found
Native extension for WebGL target not found
Refreshing native plugins compatible for Editor in 0.83 ms, found 4 plugins.
Preloading 0 native plugins for Editor in 0.00 ms.
Mono: successfully reloaded assembly
- Completed reload, in  1.221 seconds
Domain Reload Profiling:
	ReloadAssembly (1222ms)
		BeginReloadAssembly (146ms)
			ExecutionOrderSort (0ms)
			DisableScriptedObjects (8ms)
			BackupInstance (0ms)
			ReleaseScriptingObjects (0ms)
			CreateAndSetChildDomain (39ms)
		EndReloadAssembly (983ms)
			LoadAssemblies (92ms)
			RebuildTransferFunctionScriptingTraits (0ms)
			SetupTypeCache (285ms)
			ReleaseScriptCaches (2ms)
			RebuildScriptCaches (60ms)
			SetupLoadedEditorAssemblies (470ms)
				LogAssemblyErrors (0ms)
				InitializePlatformSupportModulesInManaged (17ms)
				SetLoadedEditorAssemblies (0ms)
				RefreshPlugins (1ms)
				BeforeProcessingInitializeOnLoad (97ms)
				ProcessInitializeOnLoadAttributes (278ms)
				ProcessInitializeOnLoadMethodAttributes (59ms)
				AfterProcessingInitializeOnLoad (18ms)
				EditorAssembliesLoaded (0ms)
			ExecutionOrderSort2 (0ms)
			AwakeInstancesAfterBackupRestoration (10ms)
Platform modules already initialized, skipping
Refreshing native plugins compatible for Editor in 2.67 ms, found 4 plugins.
Preloading 0 native plugins for Editor in 0.00 ms.
Unloading 3782 Unused Serialized files (Serialized files now loaded: 0)
Unloading 28 unused Assets / (195.6 KB). Loaded Objects now: 4281.
Memory consumption went from 149.4 MB to 149.2 MB.
Total: 5.718000 ms (FindLiveObjects: 0.264900 ms CreateObjectMapping: 0.122900 ms MarkObjects: 4.749500 ms  DeleteObjects: 0.579200 ms)

AssetImportParameters requested are different than current active one (requested -> active):
  custom:video-decoder-ogg-theora: a1e56fd34408186e4bbccfd4996cb3dc -> 
  custom:container-muxer-webm: aa71ff27fc2769a1b78a27578f13a17b -> 
  custom:container-demuxer-webm: 4f35f7cbe854078d1ac9338744f61a02 -> 
  custom:video-encoder-webm-vp8: eb34c28f22e8b96e1ab97ce403110664 -> 
  custom:audio-encoder-webm-vorbis: bf7c407c2cedff20999df2af8eb42d56 -> 
  custom:framework-win-MediaFoundation: 216162199b28c13a410421893ffa2e32 -> 
  custom:container-demuxer-ogg: 62fdf1f143b41e24485cea50d1cbac27 -> 
  custom:video-decoder-webm-vp8: 9c59270c3fd7afecdb556c50c9e8de78 -> 
  custom:audio-decoder-ogg-vorbis: bf7c407c2cedff20999df2af8eb42d56 -> 
========================================================================
Received Import Request.
  Time since last request: 6.442067 seconds.
  path: Assets/Prefabs/Snake_Pot_Mouseover.prefab
  artifactKey: Guid(ddb505ce74602b04cba2a21cdc3ddcba) Importer(815301076,1909f56bfc062723c751e8b465ee728b)
Start importing Assets/Prefabs/Snake_Pot_Mouseover.prefab using Guid(ddb505ce74602b04cba2a21cdc3ddcba) Importer(815301076,1909f56bfc062723c751e8b465ee728b)  -> (artifact id: 'e848d04f75ce3e7aa021e573f4d23f9f') in 0.092846 seconds 
