Using pre-set license
Built from '2021.3/staging' branch; Version is '2021.3.18f1 (3129e69bc0c7) revision 3221990'; Using compiler version '192829333'; Build Type 'Release'
OS: 'Windows 10  (10.0.19045) 64bit Core' Language: 'en' Physical Memory: 16163 MB
BatchMode: 1, IsHumanControllingUs: 0, StartBugReporterOnCrash: 0, Is64bit: 1, IsPro: 1

COMMAND LINE ARGUMENTS:
C:\Program Files\Unity\Hub\Editor\2021.3.18f1\Editor\Unity.exe
-adb2
-batchMode
-noUpm
-name
AssetImportWorker2
-projectPath
C:/Users/tommy/Dungeon-Defenders
-logFile
Logs/AssetImportWorker2.log
-srvPort
61758
Successfully changed project path to: C:/Users/tommy/Dungeon-Defenders
C:/Users/tommy/Dungeon-Defenders
[UnityMemory] Configuration Parameters - Can be set up in boot.config
    "memorysetup-bucket-allocator-granularity=16"
    "memorysetup-bucket-allocator-bucket-count=8"
    "memorysetup-bucket-allocator-block-size=33554432"
    "memorysetup-bucket-allocator-block-count=8"
    "memorysetup-main-allocator-block-size=16777216"
    "memorysetup-thread-allocator-block-size=16777216"
    "memorysetup-gfx-main-allocator-block-size=16777216"
    "memorysetup-gfx-thread-allocator-block-size=16777216"
    "memorysetup-cache-allocator-block-size=4194304"
    "memorysetup-typetree-allocator-block-size=2097152"
    "memorysetup-profiler-bucket-allocator-granularity=16"
    "memorysetup-profiler-bucket-allocator-bucket-count=8"
    "memorysetup-profiler-bucket-allocator-block-size=33554432"
    "memorysetup-profiler-bucket-allocator-block-count=8"
    "memorysetup-profiler-allocator-block-size=16777216"
    "memorysetup-profiler-editor-allocator-block-size=1048576"
    "memorysetup-temp-allocator-size-main=16777216"
    "memorysetup-job-temp-allocator-block-size=2097152"
    "memorysetup-job-temp-allocator-block-size-background=1048576"
    "memorysetup-job-temp-allocator-reduction-small-platforms=262144"
    "memorysetup-temp-allocator-size-background-worker=32768"
    "memorysetup-temp-allocator-size-job-worker=262144"
    "memorysetup-temp-allocator-size-preload-manager=33554432"
    "memorysetup-temp-allocator-size-nav-mesh-worker=65536"
    "memorysetup-temp-allocator-size-audio-worker=65536"
    "memorysetup-temp-allocator-size-cloud-worker=32768"
    "memorysetup-temp-allocator-size-gi-baking-worker=262144"
    "memorysetup-temp-allocator-size-gfx=262144"
Player connection [14644] Host "[IP] 10.162.4.204 [Port] 0 [Flags] 2 [Guid] 3456163786 [EditorId] 3456163786 [Version] 1048832 [Id] WindowsEditor(7,DESKTOP-GII603T) [Debug] 1 [PackageName] WindowsEditor [ProjectName] Editor" joined multi-casting on [225.0.0.222:54997]...

Player connection [14644] Host "[IP] 10.162.4.204 [Port] 0 [Flags] 2 [Guid] 3456163786 [EditorId] 3456163786 [Version] 1048832 [Id] WindowsEditor(7,DESKTOP-GII603T) [Debug] 1 [PackageName] WindowsEditor [ProjectName] Editor" joined alternative multi-casting on [225.0.0.222:34997]...

Refreshing native plugins compatible for Editor in 167.25 ms, found 4 plugins.
Preloading 0 native plugins for Editor in 0.00 ms.
Initialize engine version: 2021.3.18f1 (3129e69bc0c7)
[Subsystems] Discovering subsystems at path C:/Program Files/Unity/Hub/Editor/2021.3.18f1/Editor/Data/Resources/UnitySubsystems
[Subsystems] Discovering subsystems at path C:/Users/tommy/Dungeon-Defenders/Assets
GfxDevice: creating device client; threaded=0; jobified=0
Direct3D:
    Version:  Direct3D 11.0 [level 11.1]
    Renderer: NVIDIA GeForce RTX 3060 Laptop GPU (ID=0x2520)
    Vendor:   NVIDIA
    VRAM:     6009 MB
    Driver:   31.0.15.2849
Initialize mono
Mono path[0] = 'C:/Program Files/Unity/Hub/Editor/2021.3.18f1/Editor/Data/Managed'
Mono path[1] = 'C:/Program Files/Unity/Hub/Editor/2021.3.18f1/Editor/Data/MonoBleedingEdge/lib/mono/unityjit-win32'
Mono config path = 'C:/Program Files/Unity/Hub/Editor/2021.3.18f1/Editor/Data/MonoBleedingEdge/etc'
Using monoOptions --debugger-agent=transport=dt_socket,embedding=1,server=y,suspend=n,address=127.0.0.1:56928
Begin MonoManager ReloadAssembly
Registering precompiled unity dll's ...
Register platform support module: C:/Program Files/Unity/Hub/Editor/2021.3.18f1/Editor/Data/PlaybackEngines/WebGLSupport/UnityEditor.WebGL.Extensions.dll
Register platform support module: C:/Program Files/Unity/Hub/Editor/2021.3.18f1/Editor/Data/PlaybackEngines/WindowsStandaloneSupport/UnityEditor.WindowsStandalone.Extensions.dll
Registered in 0.009212 seconds.
Native extension for WindowsStandalone target not found
Native extension for WebGL target not found
Refreshing native plugins compatible for Editor in 105.41 ms, found 4 plugins.
Preloading 0 native plugins for Editor in 0.00 ms.
Mono: successfully reloaded assembly
- Completed reload, in  0.770 seconds
Domain Reload Profiling:
	ReloadAssembly (771ms)
		BeginReloadAssembly (100ms)
			ExecutionOrderSort (0ms)
			DisableScriptedObjects (0ms)
			BackupInstance (0ms)
			ReleaseScriptingObjects (0ms)
			CreateAndSetChildDomain (1ms)
		EndReloadAssembly (523ms)
			LoadAssemblies (95ms)
			RebuildTransferFunctionScriptingTraits (0ms)
			SetupTypeCache (129ms)
			ReleaseScriptCaches (0ms)
			RebuildScriptCaches (30ms)
			SetupLoadedEditorAssemblies (311ms)
				LogAssemblyErrors (0ms)
				InitializePlatformSupportModulesInManaged (10ms)
				SetLoadedEditorAssemblies (0ms)
				RefreshPlugins (105ms)
				BeforeProcessingInitializeOnLoad (1ms)
				ProcessInitializeOnLoadAttributes (145ms)
				ProcessInitializeOnLoadMethodAttributes (48ms)
				AfterProcessingInitializeOnLoad (0ms)
				EditorAssembliesLoaded (0ms)
			ExecutionOrderSort2 (0ms)
			AwakeInstancesAfterBackupRestoration (0ms)
Platform modules already initialized, skipping
Registering precompiled user dll's ...
Registered in 0.006981 seconds.
Begin MonoManager ReloadAssembly
Symbol file LoadedFromMemory doesn't match image C:\Users\tommy\Dungeon-Defenders\Library\PackageCache\com.unity.visualscripting@1.8.0\Editor\VisualScripting.Core\Dependencies\YamlDotNet\Unity.VisualScripting.YamlDotNet.dll
Symbol file LoadedFromMemory doesn't match image C:\Users\tommy\Dungeon-Defenders\Library\PackageCache\com.unity.visualscripting@1.8.0\Editor\VisualScripting.Core\Dependencies\DotNetZip\Unity.VisualScripting.IonicZip.dll
Native extension for WindowsStandalone target not found
Native extension for WebGL target not found
Refreshing native plugins compatible for Editor in 110.80 ms, found 4 plugins.
Preloading 0 native plugins for Editor in 0.00 ms.
Mono: successfully reloaded assembly
- Completed reload, in  1.221 seconds
Domain Reload Profiling:
	ReloadAssembly (1221ms)
		BeginReloadAssembly (113ms)
			ExecutionOrderSort (0ms)
			DisableScriptedObjects (6ms)
			BackupInstance (0ms)
			ReleaseScriptingObjects (0ms)
			CreateAndSetChildDomain (20ms)
		EndReloadAssembly (984ms)
			LoadAssemblies (81ms)
			RebuildTransferFunctionScriptingTraits (0ms)
			SetupTypeCache (276ms)
			ReleaseScriptCaches (1ms)
			RebuildScriptCaches (62ms)
			SetupLoadedEditorAssemblies (509ms)
				LogAssemblyErrors (0ms)
				InitializePlatformSupportModulesInManaged (7ms)
				SetLoadedEditorAssemblies (0ms)
				RefreshPlugins (111ms)
				BeforeProcessingInitializeOnLoad (111ms)
				ProcessInitializeOnLoadAttributes (235ms)
				ProcessInitializeOnLoadMethodAttributes (36ms)
				AfterProcessingInitializeOnLoad (9ms)
				EditorAssembliesLoaded (0ms)
			ExecutionOrderSort2 (0ms)
			AwakeInstancesAfterBackupRestoration (7ms)
Platform modules already initialized, skipping
========================================================================
Worker process is ready to serve import requests
Launched and connected shader compiler UnityShaderCompiler.exe after 0.05 seconds
Refreshing native plugins compatible for Editor in 1.27 ms, found 4 plugins.
Preloading 0 native plugins for Editor in 0.00 ms.
Unloading 3783 Unused Serialized files (Serialized files now loaded: 0)
Unloading 41 unused Assets / (229.3 KB). Loaded Objects now: 4237.
Memory consumption went from 146.1 MB to 145.8 MB.
Total: 6.222700 ms (FindLiveObjects: 0.433500 ms CreateObjectMapping: 0.257200 ms MarkObjects: 5.324000 ms  DeleteObjects: 0.206500 ms)

AssetImportParameters requested are different than current active one (requested -> active):
  custom:video-decoder-ogg-theora: a1e56fd34408186e4bbccfd4996cb3dc -> 
  custom:container-muxer-webm: aa71ff27fc2769a1b78a27578f13a17b -> 
  custom:container-demuxer-webm: 4f35f7cbe854078d1ac9338744f61a02 -> 
  custom:video-encoder-webm-vp8: eb34c28f22e8b96e1ab97ce403110664 -> 
  custom:audio-encoder-webm-vorbis: bf7c407c2cedff20999df2af8eb42d56 -> 
  custom:framework-win-MediaFoundation: 216162199b28c13a410421893ffa2e32 -> 
  custom:container-demuxer-ogg: 62fdf1f143b41e24485cea50d1cbac27 -> 
  custom:video-decoder-webm-vp8: 9c59270c3fd7afecdb556c50c9e8de78 -> 
  custom:audio-decoder-ogg-vorbis: bf7c407c2cedff20999df2af8eb42d56 -> 
========================================================================
Received Import Request.
  Time since last request: 28125.435108 seconds.
  path: Assets/Sprites/windows wallpapers
  artifactKey: Guid(36a02c768aea830479976cd77a414156) Importer(815301076,1909f56bfc062723c751e8b465ee728b)
Start importing Assets/Sprites/windows wallpapers using Guid(36a02c768aea830479976cd77a414156) Importer(815301076,1909f56bfc062723c751e8b465ee728b)  -> (artifact id: 'b9bb404d5c96d06eb83ec87b9b32dbbe') in 0.015428 seconds 
========================================================================
Received Import Request.
  Time since last request: 9.529066 seconds.
  path: Assets/Sprites/windows wallpapers/windows 7.png
  artifactKey: Guid(f788712e436d54d40b360cdeeaa0cfca) Importer(815301076,1909f56bfc062723c751e8b465ee728b)
Start importing Assets/Sprites/windows wallpapers/windows 7.png using Guid(f788712e436d54d40b360cdeeaa0cfca) Importer(815301076,1909f56bfc062723c751e8b465ee728b)  -> (artifact id: 'ae832348027ee93ae0ad86939c2232d2') in 0.165832 seconds 
========================================================================
Received Import Request.
  Time since last request: 0.000026 seconds.
  path: Assets/Sprites/windows wallpapers/windows vista.jpg
  artifactKey: Guid(815a8eaf92a7cdd44b5f6b1f8ff00876) Importer(815301076,1909f56bfc062723c751e8b465ee728b)
Start importing Assets/Sprites/windows wallpapers/windows vista.jpg using Guid(815a8eaf92a7cdd44b5f6b1f8ff00876) Importer(815301076,1909f56bfc062723c751e8b465ee728b)  -> (artifact id: '34d8fe139df9e3248172617092cd0fc4') in 0.177562 seconds 
========================================================================
Received Import Request.
  Time since last request: 85.855763 seconds.
  path: Assets/Scenes/Instructions.unity
  artifactKey: Guid(da9cecb12801ff24fa396103f76f1094) Importer(815301076,1909f56bfc062723c751e8b465ee728b)
Start importing Assets/Scenes/Instructions.unity using Guid(da9cecb12801ff24fa396103f76f1094) Importer(815301076,1909f56bfc062723c751e8b465ee728b)  -> (artifact id: '8341b1b32dbf5e4011c70fcfb13fc206') in 0.007182 seconds 
========================================================================
Received Import Request.
  Time since last request: 76.047803 seconds.
  path: Assets/Scenes/StartGame.unity
  artifactKey: Guid(2451c0fec8aa16941959f7497553cfc5) Importer(815301076,1909f56bfc062723c751e8b465ee728b)
Start importing Assets/Scenes/StartGame.unity using Guid(2451c0fec8aa16941959f7497553cfc5) Importer(815301076,1909f56bfc062723c751e8b465ee728b)  -> (artifact id: '869260ef20555a5cec2631a328bbfb61') in 0.005739 seconds 
========================================================================
Received Import Request.
  Time since last request: 103.955383 seconds.
  path: Assets/Scripts/ButtonClick.cs
  artifactKey: Guid(cce9f05ad108d674d899b41c761279c1) Importer(815301076,1909f56bfc062723c751e8b465ee728b)
Start importing Assets/Scripts/ButtonClick.cs using Guid(cce9f05ad108d674d899b41c761279c1) Importer(815301076,1909f56bfc062723c751e8b465ee728b)  -> (artifact id: 'ffceba92185ba0050ba01cdda0abfba1') in 0.019142 seconds 
========================================================================
Received Import Request.
  Time since last request: 10.729124 seconds.
  path: Assets/Scenes/Continue.unity
  artifactKey: Guid(cb251b366d331fc4a94762cd39546095) Importer(815301076,1909f56bfc062723c751e8b465ee728b)
Start importing Assets/Scenes/Continue.unity using Guid(cb251b366d331fc4a94762cd39546095) Importer(815301076,1909f56bfc062723c751e8b465ee728b)  -> (artifact id: '18eece25d3f23e25a4109433815e75c1') in 0.002759 seconds 
========================================================================
Received Import Request.
  Time since last request: 247.227205 seconds.
  path: Assets/Scenes/MainMenu.unity
  artifactKey: Guid(2cda990e2423bbf4892e6590ba056729) Importer(815301076,1909f56bfc062723c751e8b465ee728b)
Start importing Assets/Scenes/MainMenu.unity using Guid(2cda990e2423bbf4892e6590ba056729) Importer(815301076,1909f56bfc062723c751e8b465ee728b)  -> (artifact id: 'c1a6a4af7268d8c6422dae69de6dc6b7') in 0.001950 seconds 
========================================================================
Received Prepare
Registering precompiled user dll's ...
Registered in 0.006997 seconds.
Begin MonoManager ReloadAssembly
Symbol file LoadedFromMemory doesn't match image C:\Users\tommy\Dungeon-Defenders\Library\PackageCache\com.unity.visualscripting@1.8.0\Editor\VisualScripting.Core\Dependencies\YamlDotNet\Unity.VisualScripting.YamlDotNet.dll
Symbol file LoadedFromMemory doesn't match image C:\Users\tommy\Dungeon-Defenders\Library\PackageCache\com.unity.visualscripting@1.8.0\Editor\VisualScripting.Core\Dependencies\DotNetZip\Unity.VisualScripting.IonicZip.dll
Native extension for WindowsStandalone target not found
Native extension for WebGL target not found
Refreshing native plugins compatible for Editor in 0.76 ms, found 4 plugins.
Preloading 0 native plugins for Editor in 0.00 ms.
Mono: successfully reloaded assembly
- Completed reload, in  1.010 seconds
Domain Reload Profiling:
	ReloadAssembly (1011ms)
		BeginReloadAssembly (143ms)
			ExecutionOrderSort (0ms)
			DisableScriptedObjects (6ms)
			BackupInstance (0ms)
			ReleaseScriptingObjects (0ms)
			CreateAndSetChildDomain (43ms)
		EndReloadAssembly (766ms)
			LoadAssemblies (90ms)
			RebuildTransferFunctionScriptingTraits (0ms)
			SetupTypeCache (240ms)
			ReleaseScriptCaches (2ms)
			RebuildScriptCaches (43ms)
			SetupLoadedEditorAssemblies (349ms)
				LogAssemblyErrors (0ms)
				InitializePlatformSupportModulesInManaged (15ms)
				SetLoadedEditorAssemblies (0ms)
				RefreshPlugins (1ms)
				BeforeProcessingInitializeOnLoad (74ms)
				ProcessInitializeOnLoadAttributes (217ms)
				ProcessInitializeOnLoadMethodAttributes (35ms)
				AfterProcessingInitializeOnLoad (7ms)
				EditorAssembliesLoaded (0ms)
			ExecutionOrderSort2 (0ms)
			AwakeInstancesAfterBackupRestoration (9ms)
Platform modules already initialized, skipping
Refreshing native plugins compatible for Editor in 4.17 ms, found 4 plugins.
Preloading 0 native plugins for Editor in 0.00 ms.
Unloading 3765 Unused Serialized files (Serialized files now loaded: 0)
Unloading 28 unused Assets / (195.8 KB). Loaded Objects now: 4249.
Memory consumption went from 148.6 MB to 148.4 MB.
Total: 2.864700 ms (FindLiveObjects: 0.323800 ms CreateObjectMapping: 0.165300 ms MarkObjects: 2.167600 ms  DeleteObjects: 0.206900 ms)

AssetImportParameters requested are different than current active one (requested -> active):
  custom:video-decoder-ogg-theora: a1e56fd34408186e4bbccfd4996cb3dc -> 
  custom:container-muxer-webm: aa71ff27fc2769a1b78a27578f13a17b -> 
  custom:container-demuxer-webm: 4f35f7cbe854078d1ac9338744f61a02 -> 
  custom:video-encoder-webm-vp8: eb34c28f22e8b96e1ab97ce403110664 -> 
  custom:audio-encoder-webm-vorbis: bf7c407c2cedff20999df2af8eb42d56 -> 
  custom:framework-win-MediaFoundation: 216162199b28c13a410421893ffa2e32 -> 
  custom:container-demuxer-ogg: 62fdf1f143b41e24485cea50d1cbac27 -> 
  custom:video-decoder-webm-vp8: 9c59270c3fd7afecdb556c50c9e8de78 -> 
  custom:audio-decoder-ogg-vorbis: bf7c407c2cedff20999df2af8eb42d56 -> 
========================================================================
Received Import Request.
  Time since last request: 17.166181 seconds.
  path: Assets/Scenes/Continue.unity
  artifactKey: Guid(cb251b366d331fc4a94762cd39546095) Importer(815301076,1909f56bfc062723c751e8b465ee728b)
Start importing Assets/Scenes/Continue.unity using Guid(cb251b366d331fc4a94762cd39546095) Importer(815301076,1909f56bfc062723c751e8b465ee728b)  -> (artifact id: '5fe812ec58a7d3a7356766bd9ad431ba') in 0.007340 seconds 
========================================================================
Received Import Request.
  Time since last request: 17.172603 seconds.
  path: Assets/Scenes/Instructions.unity
  artifactKey: Guid(da9cecb12801ff24fa396103f76f1094) Importer(815301076,1909f56bfc062723c751e8b465ee728b)
Start importing Assets/Scenes/Instructions.unity using Guid(da9cecb12801ff24fa396103f76f1094) Importer(815301076,1909f56bfc062723c751e8b465ee728b)  -> (artifact id: '2b6e45c48d9928801fcbdd89749f8fbc') in 0.003396 seconds 
========================================================================
Received Import Request.
  Time since last request: 17.931210 seconds.
  path: Assets/Scenes/Options.unity
  artifactKey: Guid(f5d205b9254cb884e8111522dad735f4) Importer(815301076,1909f56bfc062723c751e8b465ee728b)
Start importing Assets/Scenes/Options.unity using Guid(f5d205b9254cb884e8111522dad735f4) Importer(815301076,1909f56bfc062723c751e8b465ee728b)  -> (artifact id: '27fb13109c30d8bbaa9eac6456cd732d') in 0.002198 seconds 
========================================================================
Received Import Request.
  Time since last request: 11.394464 seconds.
  path: Assets/Scenes/StartGame.unity
  artifactKey: Guid(2451c0fec8aa16941959f7497553cfc5) Importer(815301076,1909f56bfc062723c751e8b465ee728b)
Start importing Assets/Scenes/StartGame.unity using Guid(2451c0fec8aa16941959f7497553cfc5) Importer(815301076,1909f56bfc062723c751e8b465ee728b)  -> (artifact id: 'd0099905556e32d415a30d2ff2f963d4') in 0.004025 seconds 
========================================================================
Received Import Request.
  Time since last request: 13.557770 seconds.
  path: Assets/Scenes/StartGame.unity
  artifactKey: Guid(2451c0fec8aa16941959f7497553cfc5) Importer(815301076,1909f56bfc062723c751e8b465ee728b)
Start importing Assets/Scenes/StartGame.unity using Guid(2451c0fec8aa16941959f7497553cfc5) Importer(815301076,1909f56bfc062723c751e8b465ee728b)  -> (artifact id: 'bd2791a97ec497e0554cbe4d79bdef9a') in 0.002127 seconds 
========================================================================
Received Import Request.
  Time since last request: 1.388576 seconds.
  path: Assets/Scenes/Options.unity
  artifactKey: Guid(f5d205b9254cb884e8111522dad735f4) Importer(815301076,1909f56bfc062723c751e8b465ee728b)
Start importing Assets/Scenes/Options.unity using Guid(f5d205b9254cb884e8111522dad735f4) Importer(815301076,1909f56bfc062723c751e8b465ee728b)  -> (artifact id: '03f2758bbff9f4a3f1c66615647c55cf') in 0.002206 seconds 
========================================================================
Received Prepare
Registering precompiled user dll's ...
Registered in 0.006114 seconds.
Begin MonoManager ReloadAssembly
Symbol file LoadedFromMemory doesn't match image C:\Users\tommy\Dungeon-Defenders\Library\PackageCache\com.unity.visualscripting@1.8.0\Editor\VisualScripting.Core\Dependencies\YamlDotNet\Unity.VisualScripting.YamlDotNet.dll
Symbol file LoadedFromMemory doesn't match image C:\Users\tommy\Dungeon-Defenders\Library\PackageCache\com.unity.visualscripting@1.8.0\Editor\VisualScripting.Core\Dependencies\DotNetZip\Unity.VisualScripting.IonicZip.dll
Native extension for WindowsStandalone target not found
Native extension for WebGL target not found
Refreshing native plugins compatible for Editor in 0.68 ms, found 4 plugins.
Preloading 0 native plugins for Editor in 0.00 ms.
Mono: successfully reloaded assembly
- Completed reload, in  1.064 seconds
Domain Reload Profiling:
	ReloadAssembly (1065ms)
		BeginReloadAssembly (141ms)
			ExecutionOrderSort (0ms)
			DisableScriptedObjects (6ms)
			BackupInstance (0ms)
			ReleaseScriptingObjects (0ms)
			CreateAndSetChildDomain (40ms)
		EndReloadAssembly (819ms)
			LoadAssemblies (86ms)
			RebuildTransferFunctionScriptingTraits (0ms)
			SetupTypeCache (262ms)
			ReleaseScriptCaches (2ms)
			RebuildScriptCaches (55ms)
			SetupLoadedEditorAssemblies (344ms)
				LogAssemblyErrors (0ms)
				InitializePlatformSupportModulesInManaged (17ms)
				SetLoadedEditorAssemblies (0ms)
				RefreshPlugins (1ms)
				BeforeProcessingInitializeOnLoad (81ms)
				ProcessInitializeOnLoadAttributes (199ms)
				ProcessInitializeOnLoadMethodAttributes (34ms)
				AfterProcessingInitializeOnLoad (13ms)
				EditorAssembliesLoaded (0ms)
			ExecutionOrderSort2 (0ms)
			AwakeInstancesAfterBackupRestoration (10ms)
Platform modules already initialized, skipping
Refreshing native plugins compatible for Editor in 3.61 ms, found 4 plugins.
Preloading 0 native plugins for Editor in 0.00 ms.
Unloading 3765 Unused Serialized files (Serialized files now loaded: 0)
Unloading 28 unused Assets / (195.9 KB). Loaded Objects now: 4252.
Memory consumption went from 148.6 MB to 148.4 MB.
Total: 4.641000 ms (FindLiveObjects: 0.315800 ms CreateObjectMapping: 0.205300 ms MarkObjects: 3.860400 ms  DeleteObjects: 0.258100 ms)

AssetImportParameters requested are different than current active one (requested -> active):
  custom:video-decoder-ogg-theora: a1e56fd34408186e4bbccfd4996cb3dc -> 
  custom:container-muxer-webm: aa71ff27fc2769a1b78a27578f13a17b -> 
  custom:container-demuxer-webm: 4f35f7cbe854078d1ac9338744f61a02 -> 
  custom:video-encoder-webm-vp8: eb34c28f22e8b96e1ab97ce403110664 -> 
  custom:audio-encoder-webm-vorbis: bf7c407c2cedff20999df2af8eb42d56 -> 
  custom:framework-win-MediaFoundation: 216162199b28c13a410421893ffa2e32 -> 
  custom:container-demuxer-ogg: 62fdf1f143b41e24485cea50d1cbac27 -> 
  custom:video-decoder-webm-vp8: 9c59270c3fd7afecdb556c50c9e8de78 -> 
  custom:audio-decoder-ogg-vorbis: bf7c407c2cedff20999df2af8eb42d56 -> 
========================================================================
Received Import Request.
  Time since last request: 407.374594 seconds.
  path: Assets/Sprites/startgametext.png
  artifactKey: Guid(f2a1768718ad9c3499cb70ff247a9db4) Importer(815301076,1909f56bfc062723c751e8b465ee728b)
Start importing Assets/Sprites/startgametext.png using Guid(f2a1768718ad9c3499cb70ff247a9db4) Importer(815301076,1909f56bfc062723c751e8b465ee728b)  -> (artifact id: 'c8c51ebaa2ef0aa315df14c01cf2b28e') in 0.127503 seconds 
========================================================================
Received Import Request.
  Time since last request: 191.593383 seconds.
  path: Assets/Sprites/optionstext.png
  artifactKey: Guid(79191640e58d1e348b2bae6663a54495) Importer(815301076,1909f56bfc062723c751e8b465ee728b)
Start importing Assets/Sprites/optionstext.png using Guid(79191640e58d1e348b2bae6663a54495) Importer(815301076,1909f56bfc062723c751e8b465ee728b)  -> (artifact id: 'e01ea1aa28e46ccd8783dc96c74344bf') in 0.245308 seconds 
========================================================================
Received Import Request.
  Time since last request: 67.271028 seconds.
  path: Assets/Scenes/Instructions.unity
  artifactKey: Guid(da9cecb12801ff24fa396103f76f1094) Importer(815301076,1909f56bfc062723c751e8b465ee728b)
Start importing Assets/Scenes/Instructions.unity using Guid(da9cecb12801ff24fa396103f76f1094) Importer(815301076,1909f56bfc062723c751e8b465ee728b)  -> (artifact id: '372b57193373ae6f2299c40ce8411f0b') in 0.002625 seconds 
========================================================================
Received Import Request.
  Time since last request: 72.903291 seconds.
  path: Assets/Sprites/howtoplay.png
  artifactKey: Guid(ee85e54f1e97309449b875c96b98ae31) Importer(815301076,1909f56bfc062723c751e8b465ee728b)
Start importing Assets/Sprites/howtoplay.png using Guid(ee85e54f1e97309449b875c96b98ae31) Importer(815301076,1909f56bfc062723c751e8b465ee728b)  -> (artifact id: '94e23680c7d950a22f071d23b299e1ee') in 0.051597 seconds 
========================================================================
Received Import Request.
  Time since last request: 181.465451 seconds.
  path: Assets/Sprites/instructionstext.png
  artifactKey: Guid(d92f2fd57e8f11a42888873249431093) Importer(815301076,1909f56bfc062723c751e8b465ee728b)
Start importing Assets/Sprites/instructionstext.png using Guid(d92f2fd57e8f11a42888873249431093) Importer(815301076,1909f56bfc062723c751e8b465ee728b)  -> (artifact id: '66216c4544a8a3e4460e50c166465873') in 0.050139 seconds 
========================================================================
Received Import Request.
  Time since last request: 30.178079 seconds.
  path: Assets/Scenes/Continue.unity
  artifactKey: Guid(cb251b366d331fc4a94762cd39546095) Importer(815301076,1909f56bfc062723c751e8b465ee728b)
Start importing Assets/Scenes/Continue.unity using Guid(cb251b366d331fc4a94762cd39546095) Importer(815301076,1909f56bfc062723c751e8b465ee728b)  -> (artifact id: '428e07a88c39445c9c75618927670900') in 0.002244 seconds 
========================================================================
Received Import Request.
  Time since last request: 70.171617 seconds.
  path: Assets/Sprites/continuetext.png
  artifactKey: Guid(9b41123cd42ed3b409032e12f9e019ae) Importer(815301076,1909f56bfc062723c751e8b465ee728b)
Start importing Assets/Sprites/continuetext.png using Guid(9b41123cd42ed3b409032e12f9e019ae) Importer(815301076,1909f56bfc062723c751e8b465ee728b)  -> (artifact id: 'a55bce82300e9897a1dc43612677a4e6') in 0.036405 seconds 
========================================================================
Received Import Request.
  Time since last request: 78.849902 seconds.
  path: Assets/Sprites/continuetext.png
  artifactKey: Guid(9b41123cd42ed3b409032e12f9e019ae) Importer(815301076,1909f56bfc062723c751e8b465ee728b)
Start importing Assets/Sprites/continuetext.png using Guid(9b41123cd42ed3b409032e12f9e019ae) Importer(815301076,1909f56bfc062723c751e8b465ee728b)  -> (artifact id: 'c9201703fc2ddd1393e93eaad9ac15ec') in 0.134963 seconds 
========================================================================
Received Import Request.
  Time since last request: 41.976509 seconds.
  path: Assets/Sprites/Dirt Block.gif
  artifactKey: Guid(8ee5e28227957194899b335d4f30f6e2) Importer(815301076,1909f56bfc062723c751e8b465ee728b)
Start importing Assets/Sprites/Dirt Block.gif using Guid(8ee5e28227957194899b335d4f30f6e2) Importer(815301076,1909f56bfc062723c751e8b465ee728b)  -> (artifact id: '280c4314e82e51d974532f3e566a2184') in 0.021134 seconds 
========================================================================
Received Import Request.
  Time since last request: 40.689907 seconds.
  path: Assets/Sprites/Rabbit Guy Float.png
  artifactKey: Guid(0f9e00542dd4b5d4fb0da6f901ca9859) Importer(815301076,1909f56bfc062723c751e8b465ee728b)
Start importing Assets/Sprites/Rabbit Guy Float.png using Guid(0f9e00542dd4b5d4fb0da6f901ca9859) Importer(815301076,1909f56bfc062723c751e8b465ee728b)  -> (artifact id: '82b5673debb7a6096574f29b3499fcbb') in 0.022726 seconds 
========================================================================
Received Import Request.
  Time since last request: 3.848754 seconds.
  path: Assets/Sprites/Orb Guy.png
  artifactKey: Guid(d4c4a36ec24e8a24b80ba0df24267b30) Importer(815301076,1909f56bfc062723c751e8b465ee728b)
Start importing Assets/Sprites/Orb Guy.png using Guid(d4c4a36ec24e8a24b80ba0df24267b30) Importer(815301076,1909f56bfc062723c751e8b465ee728b)  -> (artifact id: '1f0ffb7888ab256d1c08e1cebaf92d07') in 0.015705 seconds 
========================================================================
Received Prepare
Registering precompiled user dll's ...
Registered in 0.006495 seconds.
Begin MonoManager ReloadAssembly
Symbol file LoadedFromMemory doesn't match image C:\Users\tommy\Dungeon-Defenders\Library\PackageCache\com.unity.visualscripting@1.8.0\Editor\VisualScripting.Core\Dependencies\YamlDotNet\Unity.VisualScripting.YamlDotNet.dll
Symbol file LoadedFromMemory doesn't match image C:\Users\tommy\Dungeon-Defenders\Library\PackageCache\com.unity.visualscripting@1.8.0\Editor\VisualScripting.Core\Dependencies\DotNetZip\Unity.VisualScripting.IonicZip.dll
Native extension for WindowsStandalone target not found
Native extension for WebGL target not found
Refreshing native plugins compatible for Editor in 0.72 ms, found 4 plugins.
Preloading 0 native plugins for Editor in 0.00 ms.
Mono: successfully reloaded assembly
- Completed reload, in  1.078 seconds
Domain Reload Profiling:
	ReloadAssembly (1078ms)
		BeginReloadAssembly (147ms)
			ExecutionOrderSort (0ms)
			DisableScriptedObjects (6ms)
			BackupInstance (0ms)
			ReleaseScriptingObjects (0ms)
			CreateAndSetChildDomain (41ms)
		EndReloadAssembly (806ms)
			LoadAssemblies (94ms)
			RebuildTransferFunctionScriptingTraits (0ms)
			SetupTypeCache (261ms)
			ReleaseScriptCaches (2ms)
			RebuildScriptCaches (46ms)
			SetupLoadedEditorAssemblies (357ms)
				LogAssemblyErrors (0ms)
				InitializePlatformSupportModulesInManaged (14ms)
				SetLoadedEditorAssemblies (1ms)
				RefreshPlugins (1ms)
				BeforeProcessingInitializeOnLoad (98ms)
				ProcessInitializeOnLoadAttributes (205ms)
				ProcessInitializeOnLoadMethodAttributes (30ms)
				AfterProcessingInitializeOnLoad (8ms)
				EditorAssembliesLoaded (0ms)
			ExecutionOrderSort2 (0ms)
			AwakeInstancesAfterBackupRestoration (10ms)
Platform modules already initialized, skipping
Refreshing native plugins compatible for Editor in 3.47 ms, found 4 plugins.
Preloading 0 native plugins for Editor in 0.00 ms.
Unloading 3765 Unused Serialized files (Serialized files now loaded: 0)
Unloading 28 unused Assets / (196.1 KB). Loaded Objects now: 4280.
Memory consumption went from 148.6 MB to 148.4 MB.
Total: 2.964000 ms (FindLiveObjects: 0.288900 ms CreateObjectMapping: 0.147100 ms MarkObjects: 2.393100 ms  DeleteObjects: 0.133500 ms)

AssetImportParameters requested are different than current active one (requested -> active):
  custom:video-decoder-ogg-theora: a1e56fd34408186e4bbccfd4996cb3dc -> 
  custom:container-muxer-webm: aa71ff27fc2769a1b78a27578f13a17b -> 
  custom:container-demuxer-webm: 4f35f7cbe854078d1ac9338744f61a02 -> 
  custom:video-encoder-webm-vp8: eb34c28f22e8b96e1ab97ce403110664 -> 
  custom:audio-encoder-webm-vorbis: bf7c407c2cedff20999df2af8eb42d56 -> 
  custom:framework-win-MediaFoundation: 216162199b28c13a410421893ffa2e32 -> 
  custom:container-demuxer-ogg: 62fdf1f143b41e24485cea50d1cbac27 -> 
  custom:video-decoder-webm-vp8: 9c59270c3fd7afecdb556c50c9e8de78 -> 
  custom:audio-decoder-ogg-vorbis: bf7c407c2cedff20999df2af8eb42d56 -> 
========================================================================
Received Prepare
Registering precompiled user dll's ...
Registered in 0.007517 seconds.
Begin MonoManager ReloadAssembly
Symbol file LoadedFromMemory doesn't match image C:\Users\tommy\Dungeon-Defenders\Library\PackageCache\com.unity.visualscripting@1.8.0\Editor\VisualScripting.Core\Dependencies\YamlDotNet\Unity.VisualScripting.YamlDotNet.dll
Symbol file LoadedFromMemory doesn't match image C:\Users\tommy\Dungeon-Defenders\Library\PackageCache\com.unity.visualscripting@1.8.0\Editor\VisualScripting.Core\Dependencies\DotNetZip\Unity.VisualScripting.IonicZip.dll
Native extension for WindowsStandalone target not found
Native extension for WebGL target not found
Refreshing native plugins compatible for Editor in 0.89 ms, found 4 plugins.
Preloading 0 native plugins for Editor in 0.00 ms.
Mono: successfully reloaded assembly
- Completed reload, in  1.090 seconds
Domain Reload Profiling:
	ReloadAssembly (1091ms)
		BeginReloadAssembly (147ms)
			ExecutionOrderSort (0ms)
			DisableScriptedObjects (9ms)
			BackupInstance (0ms)
			ReleaseScriptingObjects (0ms)
			CreateAndSetChildDomain (40ms)
		EndReloadAssembly (823ms)
			LoadAssemblies (95ms)
			RebuildTransferFunctionScriptingTraits (0ms)
			SetupTypeCache (240ms)
			ReleaseScriptCaches (2ms)
			RebuildScriptCaches (50ms)
			SetupLoadedEditorAssemblies (397ms)
				LogAssemblyErrors (0ms)
				InitializePlatformSupportModulesInManaged (15ms)
				SetLoadedEditorAssemblies (0ms)
				RefreshPlugins (1ms)
				BeforeProcessingInitializeOnLoad (94ms)
				ProcessInitializeOnLoadAttributes (243ms)
				ProcessInitializeOnLoadMethodAttributes (37ms)
				AfterProcessingInitializeOnLoad (7ms)
				EditorAssembliesLoaded (0ms)
			ExecutionOrderSort2 (0ms)
			AwakeInstancesAfterBackupRestoration (8ms)
Platform modules already initialized, skipping
Refreshing native plugins compatible for Editor in 2.01 ms, found 4 plugins.
Preloading 0 native plugins for Editor in 0.00 ms.
Unloading 3765 Unused Serialized files (Serialized files now loaded: 0)
Unloading 28 unused Assets / (195.8 KB). Loaded Objects now: 4283.
Memory consumption went from 148.6 MB to 148.4 MB.
Total: 2.942700 ms (FindLiveObjects: 0.260300 ms CreateObjectMapping: 0.104100 ms MarkObjects: 2.369900 ms  DeleteObjects: 0.206800 ms)

AssetImportParameters requested are different than current active one (requested -> active):
  custom:video-decoder-ogg-theora: a1e56fd34408186e4bbccfd4996cb3dc -> 
  custom:container-muxer-webm: aa71ff27fc2769a1b78a27578f13a17b -> 
  custom:container-demuxer-webm: 4f35f7cbe854078d1ac9338744f61a02 -> 
  custom:video-encoder-webm-vp8: eb34c28f22e8b96e1ab97ce403110664 -> 
  custom:audio-encoder-webm-vorbis: bf7c407c2cedff20999df2af8eb42d56 -> 
  custom:framework-win-MediaFoundation: 216162199b28c13a410421893ffa2e32 -> 
  custom:container-demuxer-ogg: 62fdf1f143b41e24485cea50d1cbac27 -> 
  custom:video-decoder-webm-vp8: 9c59270c3fd7afecdb556c50c9e8de78 -> 
  custom:audio-decoder-ogg-vorbis: bf7c407c2cedff20999df2af8eb42d56 -> 
========================================================================
Received Import Request.
  Time since last request: 489.491854 seconds.
  path: Assets/Sprites/Level 1 Done.png
  artifactKey: Guid(eb815e8c047fd9c41a22cbf48bc55e82) Importer(815301076,1909f56bfc062723c751e8b465ee728b)
Start importing Assets/Sprites/Level 1 Done.png using Guid(eb815e8c047fd9c41a22cbf48bc55e82) Importer(815301076,1909f56bfc062723c751e8b465ee728b)  -> (artifact id: '25a85d2900b013caa8120e4df0baa0d9') in 0.214946 seconds 
